# JRE version: Java(TM) SE Runtime Environment (17.0.12+8) (build 17.0.12+8-LTS-286)
# Java VM: Java HotSpot(TM) 64-Bit Server VM (17.0.12+8-LTS-286, mixed mode, sharing, tiered, compressed oops, compressed class ptrs, serial gc, windows-amd64)
GC Precious Log:
 CPUs: 8 total, 8 available
 Memory: 7778M
 Large Page Support: Disabled
 NUMA Support: Disabled
 Compressed Oops: Enabled (Zero based)
 Heap Min Capacity: 8M
 Heap Initial Capacity: 122M
 Heap Max Capacity: 2560M
 Pre-touch: Disabled
Heap:
 def new generation   total 660160K, used 316400K [0x0000000760000000, 0x000000078cc50000, 0x0000000795550000)
  eden space 586816K,  53% used [0x0000000760000000, 0x00000007734fc2c0, 0x0000000783d10000)
  from space 73344K,   0% used [0x0000000783d10000, 0x0000000783d10000, 0x00000007884b0000)
  to   space 73344K,   0% used [0x00000007884b0000, 0x00000007884b0000, 0x000000078cc50000)
 tenured generation   total 1466268K, used 1466268K [0x0000000795550000, 0x00000007eed37000, 0x0000000800000000)
   the space 1466268K, 100% used [0x0000000795550000, 0x00000007eed37000, 0x00000007eed37000, 0x00000007eed37000)
 Metaspace       used 186406K, committed 188992K, reserved 622592K
  class space    used 25917K, committed 27136K, reserved 425984K
GC Heap History (20 events):
Event: 510.831 GC heap before
{Heap before GC invocations=218 (full 17):
 def new generation   total 624000K, used 576975K [0x0000000760000000, 0x000000078a510000, 0x0000000795550000)
  eden space 554688K, 100% used [0x0000000760000000, 0x0000000781db0000, 0x0000000781db0000)
  from space 69312K,  32% used [0x0000000786160000, 0x0000000787723ce8, 0x000000078a510000)
  to   space 69312K,   0% used [0x0000000781db0000, 0x0000000781db0000, 0x0000000786160000)
 tenured generation   total 1385820K, used 1241491K [0x0000000795550000, 0x00000007e9ea7000, 0x0000000800000000)
   the space 1385820K,  89% used [0x0000000795550000, 0x00000007e11b4ca8, 0x00000007e11b4e00, 0x00000007e9ea7000)
 Metaspace       used 184849K, committed 187520K, reserved 622592K
  class space    used 25709K, committed 26944K, reserved 425984K
}
Event: 511.003 GC heap after
{Heap after GC invocations=219 (full 17):
 def new generation   total 624000K, used 39684K [0x0000000760000000, 0x000000078a510000, 0x0000000795550000)
  eden space 554688K,   0% used [0x0000000760000000, 0x0000000760000000, 0x0000000781db0000)
  from space 69312K,  57% used [0x0000000781db0000, 0x0000000784471350, 0x0000000786160000)
  to   space 69312K,   0% used [0x0000000786160000, 0x0000000786160000, 0x000000078a510000)
 tenured generation   total 1385820K, used 1241491K [0x0000000795550000, 0x00000007e9ea7000, 0x0000000800000000)
   the space 1385820K,  89% used [0x0000000795550000, 0x00000007e11b4ca8, 0x00000007e11b4e00, 0x00000007e9ea7000)
 Metaspace       used 184849K, committed 187520K, reserved 622592K
  class space    used 25709K, committed 26944K, reserved 425984K
}
Event: 512.042 GC heap before
{Heap before GC invocations=219 (full 17):
 def new generation   total 624000K, used 594372K [0x0000000760000000, 0x000000078a510000, 0x0000000795550000)
  eden space 554688K, 100% used [0x0000000760000000, 0x0000000781db0000, 0x0000000781db0000)
  from space 69312K,  57% used [0x0000000781db0000, 0x0000000784471350, 0x0000000786160000)
  to   space 69312K,   0% used [0x0000000786160000, 0x0000000786160000, 0x000000078a510000)
 tenured generation   total 1385820K, used 1241491K [0x0000000795550000, 0x00000007e9ea7000, 0x0000000800000000)
   the space 1385820K,  89% used [0x0000000795550000, 0x00000007e11b4ca8, 0x00000007e11b4e00, 0x00000007e9ea7000)
 Metaspace       used 184849K, committed 187520K, reserved 622592K
  class space    used 25709K, committed 26944K, reserved 425984K
}
Event: 512.207 GC heap after
{Heap after GC invocations=220 (full 17):
 def new generation   total 624000K, used 32531K [0x0000000760000000, 0x000000078a510000, 0x0000000795550000)
  eden space 554688K,   0% used [0x0000000760000000, 0x0000000760000000, 0x0000000781db0000)
  from space 69312K,  46% used [0x0000000786160000, 0x0000000788124f78, 0x000000078a510000)
  to   space 69312K,   0% used [0x0000000781db0000, 0x0000000781db0000, 0x0000000786160000)
 tenured generation   total 1385820K, used 1249832K [0x0000000795550000, 0x00000007e9ea7000, 0x0000000800000000)
   the space 1385820K,  90% used [0x0000000795550000, 0x00000007e19da270, 0x00000007e19da400, 0x00000007e9ea7000)
 Metaspace       used 184849K, committed 187520K, reserved 622592K
  class space    used 25709K, committed 26944K, reserved 425984K
}
Event: 513.195 GC heap before
{Heap before GC invocations=220 (full 17):
 def new generation   total 624000K, used 587219K [0x0000000760000000, 0x000000078a510000, 0x0000000795550000)
  eden space 554688K, 100% used [0x0000000760000000, 0x0000000781db0000, 0x0000000781db0000)
  from space 69312K,  46% used [0x0000000786160000, 0x0000000788124f78, 0x000000078a510000)
  to   space 69312K,   0% used [0x0000000781db0000, 0x0000000781db0000, 0x0000000786160000)
 tenured generation   total 1385820K, used 1249832K [0x0000000795550000, 0x00000007e9ea7000, 0x0000000800000000)
   the space 1385820K,  90% used [0x0000000795550000, 0x00000007e19da270, 0x00000007e19da400, 0x00000007e9ea7000)
 Metaspace       used 184853K, committed 187520K, reserved 622592K
  class space    used 25709K, committed 26944K, reserved 425984K
}
Event: 513.322 GC heap after
{Heap after GC invocations=221 (full 17):
 def new generation   total 624000K, used 29683K [0x0000000760000000, 0x000000078a510000, 0x0000000795550000)
  eden space 554688K,   0% used [0x0000000760000000, 0x0000000760000000, 0x0000000781db0000)
  from space 69312K,  42% used [0x0000000781db0000, 0x0000000783aacd50, 0x0000000786160000)
  to   space 69312K,   0% used [0x0000000786160000, 0x0000000786160000, 0x000000078a510000)
 tenured generation   total 1385820K, used 1249832K [0x0000000795550000, 0x00000007e9ea7000, 0x0000000800000000)
   the space 1385820K,  90% used [0x0000000795550000, 0x00000007e19da270, 0x00000007e19da400, 0x00000007e9ea7000)
 Metaspace       used 184853K, committed 187520K, reserved 622592K
  class space    used 25709K, committed 26944K, reserved 425984K
}
Event: 514.441 GC heap before
{Heap before GC invocations=221 (full 17):
 def new generation   total 624000K, used 584371K [0x0000000760000000, 0x000000078a510000, 0x0000000795550000)
  eden space 554688K, 100% used [0x0000000760000000, 0x0000000781db0000, 0x0000000781db0000)
  from space 69312K,  42% used [0x0000000781db0000, 0x0000000783aacd50, 0x0000000786160000)
  to   space 69312K,   0% used [0x0000000786160000, 0x0000000786160000, 0x000000078a510000)
 tenured generation   total 1385820K, used 1249832K [0x0000000795550000, 0x00000007e9ea7000, 0x0000000800000000)
   the space 1385820K,  90% used [0x0000000795550000, 0x00000007e19da270, 0x00000007e19da400, 0x00000007e9ea7000)
 Metaspace       used 184853K, committed 187520K, reserved 622592K
  class space    used 25709K, committed 26944K, reserved 425984K
}
Event: 514.526 GC heap after
{Heap after GC invocations=222 (full 17):
 def new generation   total 624000K, used 16076K [0x0000000760000000, 0x000000078a510000, 0x0000000795550000)
  eden space 554688K,   0% used [0x0000000760000000, 0x0000000760000000, 0x0000000781db0000)
  from space 69312K,  23% used [0x0000000786160000, 0x0000000787113260, 0x000000078a510000)
  to   space 69312K,   0% used [0x0000000781db0000, 0x0000000781db0000, 0x0000000786160000)
 tenured generation   total 1385820K, used 1249832K [0x0000000795550000, 0x00000007e9ea7000, 0x0000000800000000)
   the space 1385820K,  90% used [0x0000000795550000, 0x00000007e19da270, 0x00000007e19da400, 0x00000007e9ea7000)
 Metaspace       used 184853K, committed 187520K, reserved 622592K
  class space    used 25709K, committed 26944K, reserved 425984K
}
Event: 515.490 GC heap before
{Heap before GC invocations=222 (full 17):
 def new generation   total 624000K, used 570764K [0x0000000760000000, 0x000000078a510000, 0x0000000795550000)
  eden space 554688K, 100% used [0x0000000760000000, 0x0000000781db0000, 0x0000000781db0000)
  from space 69312K,  23% used [0x0000000786160000, 0x0000000787113260, 0x000000078a510000)
  to   space 69312K,   0% used [0x0000000781db0000, 0x0000000781db0000, 0x0000000786160000)
 tenured generation   total 1385820K, used 1249832K [0x0000000795550000, 0x00000007e9ea7000, 0x0000000800000000)
   the space 1385820K,  90% used [0x0000000795550000, 0x00000007e19da270, 0x00000007e19da400, 0x00000007e9ea7000)
 Metaspace       used 184855K, committed 187520K, reserved 622592K
  class space    used 25709K, committed 26944K, reserved 425984K
}
Event: 515.588 GC heap after
{Heap after GC invocations=223 (full 17):
 def new generation   total 624000K, used 19543K [0x0000000760000000, 0x000000078a510000, 0x0000000795550000)
  eden space 554688K,   0% used [0x0000000760000000, 0x0000000760000000, 0x0000000781db0000)
  from space 69312K,  28% used [0x0000000781db0000, 0x00000007830c5c58, 0x0000000786160000)
  to   space 69312K,   0% used [0x0000000786160000, 0x0000000786160000, 0x000000078a510000)
 tenured generation   total 1385820K, used 1249832K [0x0000000795550000, 0x00000007e9ea7000, 0x0000000800000000)
   the space 1385820K,  90% used [0x0000000795550000, 0x00000007e19da270, 0x00000007e19da400, 0x00000007e9ea7000)
 Metaspace       used 184855K, committed 187520K, reserved 622592K
  class space    used 25709K, committed 26944K, reserved 425984K
}
Event: 520.936 GC heap before
{Heap before GC invocations=223 (full 17):
 def new generation   total 624000K, used 574231K [0x0000000760000000, 0x000000078a510000, 0x0000000795550000)
  eden space 554688K, 100% used [0x0000000760000000, 0x0000000781db0000, 0x0000000781db0000)
  from space 69312K,  28% used [0x0000000781db0000, 0x00000007830c5c58, 0x0000000786160000)
  to   space 69312K,   0% used [0x0000000786160000, 0x0000000786160000, 0x000000078a510000)
 tenured generation   total 1385820K, used 1249832K [0x0000000795550000, 0x00000007e9ea7000, 0x0000000800000000)
   the space 1385820K,  90% used [0x0000000795550000, 0x00000007e19da270, 0x00000007e19da400, 0x00000007e9ea7000)
 Metaspace       used 185750K, committed 188416K, reserved 622592K
  class space    used 25842K, committed 27072K, reserved 425984K
}
Event: 521.090 GC heap after
{Heap after GC invocations=224 (full 17):
 def new generation   total 624000K, used 49485K [0x0000000760000000, 0x000000078a510000, 0x0000000795550000)
  eden space 554688K,   0% used [0x0000000760000000, 0x0000000760000000, 0x0000000781db0000)
  from space 69312K,  71% used [0x0000000786160000, 0x00000007891b35a8, 0x000000078a510000)
  to   space 69312K,   0% used [0x0000000781db0000, 0x0000000781db0000, 0x0000000786160000)
 tenured generation   total 1385820K, used 1249832K [0x0000000795550000, 0x00000007e9ea7000, 0x0000000800000000)
   the space 1385820K,  90% used [0x0000000795550000, 0x00000007e19da270, 0x00000007e19da400, 0x00000007e9ea7000)
 Metaspace       used 185750K, committed 188416K, reserved 622592K
  class space    used 25842K, committed 27072K, reserved 425984K
}
Event: 525.170 GC heap before
{Heap before GC invocations=224 (full 17):
 def new generation   total 624000K, used 604173K [0x0000000760000000, 0x000000078a510000, 0x0000000795550000)
  eden space 554688K, 100% used [0x0000000760000000, 0x0000000781db0000, 0x0000000781db0000)
  from space 69312K,  71% used [0x0000000786160000, 0x00000007891b35a8, 0x000000078a510000)
  to   space 69312K,   0% used [0x0000000781db0000, 0x0000000781db0000, 0x0000000786160000)
 tenured generation   total 1385820K, used 1249832K [0x0000000795550000, 0x00000007e9ea7000, 0x0000000800000000)
   the space 1385820K,  90% used [0x0000000795550000, 0x00000007e19da270, 0x00000007e19da400, 0x00000007e9ea7000)
 Metaspace       used 186229K, committed 188864K, reserved 622592K
  class space    used 25902K, committed 27136K, reserved 425984K
}
Event: 525.443 GC heap after
{Heap after GC invocations=225 (full 17):
 def new generation   total 624000K, used 69311K [0x0000000760000000, 0x000000078a510000, 0x0000000795550000)
  eden space 554688K,   0% used [0x0000000760000000, 0x0000000760000000, 0x0000000781db0000)
  from space 69312K,  99% used [0x0000000781db0000, 0x000000078615fff8, 0x0000000786160000)
  to   space 69312K,   0% used [0x0000000786160000, 0x0000000786160000, 0x000000078a510000)
 tenured generation   total 1385820K, used 1271954K [0x0000000795550000, 0x00000007e9ea7000, 0x0000000800000000)
   the space 1385820K,  91% used [0x0000000795550000, 0x00000007e2f74ad8, 0x00000007e2f74c00, 0x00000007e9ea7000)
 Metaspace       used 186229K, committed 188864K, reserved 622592K
  class space    used 25902K, committed 27136K, reserved 425984K
}
Event: 528.321 GC heap before
{Heap before GC invocations=225 (full 17):
 def new generation   total 624000K, used 623999K [0x0000000760000000, 0x000000078a510000, 0x0000000795550000)
  eden space 554688K, 100% used [0x0000000760000000, 0x0000000781db0000, 0x0000000781db0000)
  from space 69312K,  99% used [0x0000000781db0000, 0x000000078615fff8, 0x0000000786160000)
  to   space 69312K,   0% used [0x0000000786160000, 0x0000000786160000, 0x000000078a510000)
 tenured generation   total 1385820K, used 1271954K [0x0000000795550000, 0x00000007e9ea7000, 0x0000000800000000)
   the space 1385820K,  91% used [0x0000000795550000, 0x00000007e2f74ad8, 0x00000007e2f74c00, 0x00000007e9ea7000)
 Metaspace       used 186254K, committed 188864K, reserved 622592K
  class space    used 25902K, committed 27136K, reserved 425984K
}
Event: 528.711 GC heap after
{Heap after GC invocations=226 (full 17):
 def new generation   total 624000K, used 69312K [0x0000000760000000, 0x000000078a510000, 0x0000000795550000)
  eden space 554688K,   0% used [0x0000000760000000, 0x0000000760000000, 0x0000000781db0000)
  from space 69312K, 100% used [0x0000000786160000, 0x000000078a510000, 0x000000078a510000)
  to   space 69312K,   0% used [0x0000000781db0000, 0x0000000781db0000, 0x0000000786160000)
 tenured generation   total 1385820K, used 1350521K [0x0000000795550000, 0x00000007e9ea7000, 0x0000000800000000)
   the space 1385820K,  97% used [0x0000000795550000, 0x00000007e7c2e580, 0x00000007e7c2e600, 0x00000007e9ea7000)
 Metaspace       used 186254K, committed 188864K, reserved 622592K
  class space    used 25902K, committed 27136K, reserved 425984K
}
Event: 531.375 GC heap before
{Heap before GC invocations=226 (full 17):
 def new generation   total 624000K, used 624000K [0x0000000760000000, 0x000000078a510000, 0x0000000795550000)
  eden space 554688K, 100% used [0x0000000760000000, 0x0000000781db0000, 0x0000000781db0000)
  from space 69312K, 100% used [0x0000000786160000, 0x000000078a510000, 0x000000078a510000)
  to   space 69312K,   0% used [0x0000000781db0000, 0x0000000781db0000, 0x0000000786160000)
 tenured generation   total 1385820K, used 1350521K [0x0000000795550000, 0x00000007e9ea7000, 0x0000000800000000)
   the space 1385820K,  97% used [0x0000000795550000, 0x00000007e7c2e580, 0x00000007e7c2e600, 0x00000007e9ea7000)
 Metaspace       used 186405K, committed 188992K, reserved 622592K
  class space    used 25917K, committed 27136K, reserved 425984K
}
Event: 532.140 GC heap after
{Heap after GC invocations=227 (full 17):
 def new generation   total 624000K, used 69311K [0x0000000760000000, 0x000000078a510000, 0x0000000795550000)
  eden space 554688K,   0% used [0x0000000760000000, 0x0000000760000000, 0x0000000781db0000)
  from space 69312K,  99% used [0x0000000781db0000, 0x000000078615fff8, 0x0000000786160000)
  to   space 69312K,   0% used [0x0000000786160000, 0x0000000786160000, 0x000000078a510000)
 tenured generation   total 1466268K, used 1466104K [0x0000000795550000, 0x00000007eed37000, 0x0000000800000000)
   the space 1466268K,  99% used [0x0000000795550000, 0x00000007eed0e1a8, 0x00000007eed0e200, 0x00000007eed37000)
 Metaspace       used 186405K, committed 188992K, reserved 622592K
  class space    used 25917K, committed 27136K, reserved 425984K
}
Event: 532.140 GC heap before
{Heap before GC invocations=227 (full 17):
 def new generation   total 624000K, used 69311K [0x0000000760000000, 0x000000078a510000, 0x0000000795550000)
  eden space 554688K,   0% used [0x0000000760000000, 0x0000000760000000, 0x0000000781db0000)
  from space 69312K,  99% used [0x0000000781db0000, 0x000000078615fff8, 0x0000000786160000)
  to   space 69312K,   0% used [0x0000000786160000, 0x0000000786160000, 0x000000078a510000)
 tenured generation   total 1466268K, used 1466104K [0x0000000795550000, 0x00000007eed37000, 0x0000000800000000)
   the space 1466268K,  99% used [0x0000000795550000, 0x00000007eed0e1a8, 0x00000007eed0e200, 0x00000007eed37000)
 Metaspace       used 186405K, committed 188992K, reserved 622592K
  class space    used 25917K, committed 27136K, reserved 425984K
}
Event: 536.458 GC heap after
{Heap after GC invocations=227 (full 18):
 def new generation   total 660160K, used 7333K [0x0000000760000000, 0x000000078cc50000, 0x0000000795550000)
  eden space 586816K,   1% used [0x0000000760000000, 0x00000007607294d0, 0x0000000783d10000)
  from space 73344K,   0% used [0x0000000783d10000, 0x0000000783d10000, 0x00000007884b0000)
  to   space 73344K,   0% used [0x00000007884b0000, 0x00000007884b0000, 0x000000078cc50000)
 tenured generation   total 1466268K, used 1466268K [0x0000000795550000, 0x00000007eed37000, 0x0000000800000000)
   the space 1466268K, 100% used [0x0000000795550000, 0x00000007eed37000, 0x00000007eed37000, 0x00000007eed37000)
 Metaspace       used 186405K, committed 188992K, reserved 622592K
  class space    used 25917K, committed 27136K, reserved 425984K
}

